{"contracts/EventToken.sol":{"l":{"10":24},"path":"/Users/blockchain/rooftop/proyecto-final-rooftop/ticketst/contracts/EventToken.sol","s":{"1":24},"b":{},"f":{"1":24},"fnMap":{"1":{"name":"constructor","line":9,"loc":{"start":{"line":9,"column":4},"end":{"line":11,"column":4}}}},"statementMap":{"1":{"start":{"line":10,"column":8},"end":{"line":10,"column":39}}},"branchMap":{}},"contracts/TicketItem.sol":{"l":{"24":8,"28":5,"29":5,"33":1,"37":1,"39":1,"40":1,"43":1,"44":0,"47":1,"48":1,"51":0,"60":5,"61":5},"path":"/Users/blockchain/rooftop/proyecto-final-rooftop/ticketst/contracts/TicketItem.sol","s":{"1":5,"2":1,"3":1,"4":1,"5":1,"6":1,"7":0,"8":1,"9":1,"10":0,"11":5,"12":5},"b":{"1":[8,0],"2":[5,0],"3":[1,0],"4":[0,1],"5":[1,0],"6":[5,0]},"f":{"1":24,"2":8,"3":5,"4":1,"5":1,"6":5},"fnMap":{"1":{"name":"constructor","line":20,"loc":{"start":{"line":19,"column":4},"end":{"line":21,"column":5}}},"2":{"name":"setBaseURI","line":23,"loc":{"start":{"line":23,"column":4},"end":{"line":25,"column":4}}},"3":{"name":"_setTokenURI","line":27,"loc":{"start":{"line":27,"column":4},"end":{"line":30,"column":4}}},"4":{"name":"_baseURI","line":32,"loc":{"start":{"line":32,"column":4},"end":{"line":34,"column":4}}},"5":{"name":"tokenURI","line":36,"loc":{"start":{"line":36,"column":4},"end":{"line":52,"column":4}}},"6":{"name":"mintTicket","line":59,"loc":{"start":{"line":55,"column":4},"end":{"line":62,"column":4}}}},"statementMap":{"1":{"start":{"line":28,"column":8},"end":{"line":28,"column":80}},"2":{"start":{"line":33,"column":8},"end":{"line":33,"column":31}},"3":{"start":{"line":37,"column":8},"end":{"line":37,"column":83}},"4":{"start":{"line":39,"column":8},"end":{"line":39,"column":53}},"5":{"start":{"line":40,"column":8},"end":{"line":40,"column":39}},"6":{"start":{"line":43,"column":8},"end":{"line":43,"column":1329}},"7":{"start":{"line":44,"column":12},"end":{"line":44,"column":28}},"8":{"start":{"line":47,"column":8},"end":{"line":47,"column":1497}},"9":{"start":{"line":48,"column":12},"end":{"line":48,"column":60}},"10":{"start":{"line":51,"column":8},"end":{"line":51,"column":65}},"11":{"start":{"line":60,"column":8},"end":{"line":60,"column":27}},"12":{"start":{"line":61,"column":8},"end":{"line":61,"column":40}}},"branchMap":{"1":{"line":23,"type":"if","locations":[{"start":{"line":23,"column":57},"end":{"line":23,"column":57}},{"start":{"line":23,"column":57},"end":{"line":23,"column":57}}]},"2":{"line":28,"type":"if","locations":[{"start":{"line":28,"column":8},"end":{"line":28,"column":8}},{"start":{"line":28,"column":8},"end":{"line":28,"column":8}}]},"3":{"line":37,"type":"if","locations":[{"start":{"line":37,"column":8},"end":{"line":37,"column":8}},{"start":{"line":37,"column":8},"end":{"line":37,"column":8}}]},"4":{"line":43,"type":"if","locations":[{"start":{"line":43,"column":8},"end":{"line":43,"column":8}},{"start":{"line":43,"column":8},"end":{"line":43,"column":8}}]},"5":{"line":47,"type":"if","locations":[{"start":{"line":47,"column":8},"end":{"line":47,"column":8}},{"start":{"line":47,"column":8},"end":{"line":47,"column":8}}]},"6":{"line":59,"type":"if","locations":[{"start":{"line":59,"column":15},"end":{"line":59,"column":15}},{"start":{"line":59,"column":15},"end":{"line":59,"column":15}}]}}},"contracts/TicketsT.sol":{"l":{"27":24,"28":24,"29":24,"30":24,"31":24,"35":6,"39":7,"40":6,"42":5,"44":5,"45":1,"46":1,"50":5,"55":5,"56":5,"58":5,"59":5,"63":7},"path":"/Users/blockchain/rooftop/proyecto-final-rooftop/ticketst/contracts/TicketsT.sol","s":{"1":6,"2":7,"3":6,"4":5,"5":1,"6":1,"7":5,"8":5,"9":5,"10":7},"b":{"1":[6,1],"2":[5,1],"3":[1,4]},"f":{"1":24,"2":6,"3":7,"4":7},"fnMap":{"1":{"name":"constructor","line":20,"loc":{"start":{"line":20,"column":4},"end":{"line":32,"column":4}}},"2":{"name":"getTicketPrice","line":34,"loc":{"start":{"line":34,"column":4},"end":{"line":36,"column":4}}},"3":{"name":"buyTicket","line":38,"loc":{"start":{"line":38,"column":4},"end":{"line":60,"column":4}}},"4":{"name":"ticketsAvailable","line":62,"loc":{"start":{"line":62,"column":4},"end":{"line":64,"column":4}}}},"statementMap":{"1":{"start":{"line":35,"column":8},"end":{"line":35,"column":27}},"2":{"start":{"line":39,"column":8},"end":{"line":39,"column":69}},"3":{"start":{"line":40,"column":8},"end":{"line":40,"column":50}},"4":{"start":{"line":44,"column":8},"end":{"line":44,"column":1374}},"5":{"start":{"line":45,"column":11},"end":{"line":45,"column":53}},"6":{"start":{"line":46,"column":11},"end":{"line":46,"column":34}},"7":{"start":{"line":50,"column":8},"end":{"line":50,"column":1530}},"8":{"start":{"line":58,"column":8},"end":{"line":58,"column":39}},"9":{"start":{"line":59,"column":8},"end":{"line":59,"column":48}},"10":{"start":{"line":63,"column":8},"end":{"line":63,"column":41}}},"branchMap":{"1":{"line":39,"type":"if","locations":[{"start":{"line":39,"column":8},"end":{"line":39,"column":8}},{"start":{"line":39,"column":8},"end":{"line":39,"column":8}}]},"2":{"line":40,"type":"if","locations":[{"start":{"line":40,"column":8},"end":{"line":40,"column":8}},{"start":{"line":40,"column":8},"end":{"line":40,"column":8}}]},"3":{"line":44,"type":"if","locations":[{"start":{"line":44,"column":8},"end":{"line":44,"column":8}},{"start":{"line":44,"column":8},"end":{"line":44,"column":8}}]}}}}